<?xml version="1.0" encoding="UTF-8"?>
<testng-results ignored="0" total="2" passed="1" failed="1" skipped="0">
  <reporter-output>
  </reporter-output>
  <suite started-at="2025-11-09T16:04:51 CST" name="Suite" finished-at="2025-11-09T16:05:42 CST" duration-ms="51108">
    <groups>
      <group name="Regression">
        <method signature="TestScenario.TC1_PassedScenario()[pri:0, instance:testRuns.TestScenario@2584b82d]" name="TC1_PassedScenario" class="testRuns.TestScenario"/>
        <method signature="TestScenario.TC2_ErrorScenario()[pri:0, instance:testRuns.TestScenario@2584b82d]" name="TC2_ErrorScenario" class="testRuns.TestScenario"/>
      </group> <!-- Regression -->
    </groups>
    <test started-at="2025-11-09T16:04:51 CST" name="TestScenarioExamples" finished-at="2025-11-09T16:05:42 CST" duration-ms="51108">
      <class name="testRuns.TestScenario">
        <test-method is-config="true" signature="initializePage()[pri:0, instance:testRuns.TestScenario@2584b82d]" started-at="2025-11-09T16:04:51 CST" name="initializePage" finished-at="2025-11-09T16:05:02 CST" duration-ms="11082" status="PASS">
          <reporter-output>
          </reporter-output>
        </test-method> <!-- initializePage -->
        <test-method signature="TC1_PassedScenario()[pri:0, instance:testRuns.TestScenario@2584b82d]" started-at="2025-11-09T16:05:02 CST" name="TC1_PassedScenario" finished-at="2025-11-09T16:05:22 CST" duration-ms="20160" status="PASS">
          <reporter-output>
          </reporter-output>
        </test-method> <!-- TC1_PassedScenario -->
        <test-method is-config="true" signature="quitApp()[pri:0, instance:testRuns.TestScenario@2584b82d]" started-at="2025-11-09T16:05:22 CST" name="quitApp" finished-at="2025-11-09T16:05:23 CST" duration-ms="770" status="PASS">
          <reporter-output>
          </reporter-output>
        </test-method> <!-- quitApp -->
        <test-method is-config="true" signature="initializePage()[pri:0, instance:testRuns.TestScenario@2584b82d]" started-at="2025-11-09T16:05:23 CST" name="initializePage" finished-at="2025-11-09T16:05:30 CST" duration-ms="7535" status="PASS">
          <reporter-output>
          </reporter-output>
        </test-method> <!-- initializePage -->
        <test-method signature="TC2_ErrorScenario()[pri:0, instance:testRuns.TestScenario@2584b82d]" started-at="2025-11-09T16:05:30 CST" name="TC2_ErrorScenario" finished-at="2025-11-09T16:05:40 CST" duration-ms="9759" status="FAIL">
          <exception class="java.lang.AssertionError">
            <message>
              <![CDATA[Something went wrong! expected [QWERTYUIOP] but found [9274119438]]]>
            </message>
            <full-stacktrace>
              <![CDATA[java.lang.AssertionError: Something went wrong! expected [QWERTYUIOP] but found [9274119438]
at org.testng.Assert.fail(Assert.java:111)
at org.testng.Assert.failNotEquals(Assert.java:1590)
at org.testng.Assert.assertEqualsImpl(Assert.java:150)
at org.testng.Assert.assertEquals(Assert.java:132)
at org.testng.Assert.assertEquals(Assert.java:656)
at pageObjects.LandingPage.errorScenario(LandingPage.java:83)
at testRuns.TestScenario.TC2_ErrorScenario(TestScenario.java:60)
at java.base/jdk.internal.reflect.DirectMethodHandleAccessor.invoke(DirectMethodHandleAccessor.java:103)
at java.base/java.lang.reflect.Method.invoke(Method.java:580)
at org.testng.internal.invokers.MethodInvocationHelper.invokeMethod(MethodInvocationHelper.java:141)
at org.testng.internal.invokers.TestInvoker.invokeMethod(TestInvoker.java:687)
at org.testng.internal.invokers.TestInvoker.invokeTestMethod(TestInvoker.java:230)
at org.testng.internal.invokers.MethodRunner.runInSequence(MethodRunner.java:63)
at org.testng.internal.invokers.TestInvoker$MethodInvocationAgent.invoke(TestInvoker.java:995)
at org.testng.internal.invokers.TestInvoker.invokeTestMethods(TestInvoker.java:203)
at org.testng.internal.invokers.TestMethodWorker.invokeTestMethods(TestMethodWorker.java:154)
at org.testng.internal.invokers.TestMethodWorker.run(TestMethodWorker.java:134)
at java.base/java.util.ArrayList.forEach(ArrayList.java:1596)
at org.testng.TestRunner.privateRun(TestRunner.java:741)
at org.testng.TestRunner.run(TestRunner.java:616)
at org.testng.SuiteRunner.runTest(SuiteRunner.java:421)
at org.testng.SuiteRunner.runSequentially(SuiteRunner.java:413)
at org.testng.SuiteRunner.privateRun(SuiteRunner.java:373)
at org.testng.SuiteRunner.run(SuiteRunner.java:312)
at org.testng.SuiteRunnerWorker.runSuite(SuiteRunnerWorker.java:52)
at org.testng.SuiteRunnerWorker.run(SuiteRunnerWorker.java:95)
at org.testng.TestNG.runSuitesSequentially(TestNG.java:1274)
at org.testng.TestNG.runSuitesLocally(TestNG.java:1208)
at org.testng.TestNG.runSuites(TestNG.java:1112)
at org.testng.TestNG.run(TestNG.java:1079)
at org.apache.maven.surefire.testng.TestNGExecutor.run(TestNGExecutor.java:308)
at org.apache.maven.surefire.testng.TestNGXmlTestSuite.execute(TestNGXmlTestSuite.java:71)
at org.apache.maven.surefire.testng.TestNGProvider.invoke(TestNGProvider.java:113)
at org.apache.maven.surefire.booter.ForkedBooter.runSuitesInProcess(ForkedBooter.java:385)
at org.apache.maven.surefire.booter.ForkedBooter.execute(ForkedBooter.java:162)
at org.apache.maven.surefire.booter.ForkedBooter.run(ForkedBooter.java:507)
at org.apache.maven.surefire.booter.ForkedBooter.main(ForkedBooter.java:495)
]]>
            </full-stacktrace>
          </exception> <!-- java.lang.AssertionError -->
          <reporter-output>
          </reporter-output>
        </test-method> <!-- TC2_ErrorScenario -->
        <test-method is-config="true" signature="quitApp()[pri:0, instance:testRuns.TestScenario@2584b82d]" started-at="2025-11-09T16:05:40 CST" name="quitApp" finished-at="2025-11-09T16:05:42 CST" duration-ms="1230" status="PASS">
          <reporter-output>
          </reporter-output>
        </test-method> <!-- quitApp -->
      </class> <!-- testRuns.TestScenario -->
    </test> <!-- TestScenarioExamples -->
  </suite> <!-- Suite -->
</testng-results>
