<?xml version="1.0" encoding="UTF-8"?>
<testng-results ignored="0" total="5" passed="0" failed="5" skipped="0">
  <reporter-output>
  </reporter-output>
  <suite started-at="2025-11-10T19:01:03 CST" name="Default suite" finished-at="2025-11-10T19:01:07 CST" duration-ms="4558">
    <groups>
      <group name="cucumber">
        <method signature="AbstractTestNGCucumberTests.runScenario(io.cucumber.testng.PickleWrapper,io.cucumber.testng.FeatureWrapper)[pri:0, instance:cucumberFeatures.TestNGTestRunner@71e9ddb4]" name="runScenario" class="io.cucumber.testng.AbstractTestNGCucumberTests"/>
      </group> <!-- cucumber -->
    </groups>
    <test started-at="2025-11-10T19:01:03 CST" name="Default test" finished-at="2025-11-10T19:01:07 CST" duration-ms="4558">
      <class name="cucumberFeatures.TestNGTestRunner">
        <test-method is-config="true" signature="setUpClass(org.testng.ITestContext)[pri:0, instance:cucumberFeatures.TestNGTestRunner@71e9ddb4]" started-at="2025-11-10T19:01:03 CST" name="setUpClass" finished-at="2025-11-10T19:01:03 CST" duration-ms="436" status="PASS">
          <params>
            <param index="0">
              <value>
                <![CDATA[org.testng.TestRunner@2c2db130]]>
              </value>
            </param>
          </params>
          <reporter-output>
          </reporter-output>
        </test-method> <!-- setUpClass -->
        <test-method signature="runScenario(io.cucumber.testng.PickleWrapper,io.cucumber.testng.FeatureWrapper)[pri:0, instance:cucumberFeatures.TestNGTestRunner@71e9ddb4]" started-at="2025-11-10T19:01:03 CST" name="runScenario" description="Runs Cucumber Scenarios" data-provider="scenarios" finished-at="2025-11-10T19:01:07 CST" duration-ms="4042" status="FAIL">
          <params>
            <param index="0">
              <value>
                <![CDATA["Display Wallet Balance"]]>
              </value>
            </param>
            <param index="1">
              <value>
                <![CDATA["Cashin/Cashout via Unified Wallet to GPTT Wallet"]]>
              </value>
            </param>
          </params>
          <exception class="org.openqa.selenium.SessionNotCreatedException">
            <message>
              <![CDATA[Could not start a new session. Response code 500. Message: The application at 'C:\Users\scottbyron.escueta\AppData\Local\Android\Sdk\platform-tools\app-dev-release-20251023_1608.apk' does not exist or is not accessible 
Host info: host: 'L2-SCOTT', ip: '192.168.100.14'
Build info: version: '4.38.0', revision: '6b412e825c*'
System info: os.name: 'Windows 10', os.arch: 'amd64', os.version: '10.0', java.version: '21.0.9'
Driver info: io.appium.java_client.android.AndroidDriver
Command: [null, newSession {capabilities=[Capabilities {appium:app: C:\Users\scottbyron.escueta..., appium:automationName: UIAutomator2, appium:deviceName: TestAppiumGPTT, platformName: ANDROID}]}]
Capabilities {appium:app: C:\Users\scottbyron.escueta..., appium:automationName: UIAutomator2, appium:deviceName: TestAppiumGPTT, platformName: ANDROID}]]>
            </message>
            <full-stacktrace>
              <![CDATA[org.openqa.selenium.SessionNotCreatedException: Could not start a new session. Response code 500. Message: The application at 'C:\Users\scottbyron.escueta\AppData\Local\Android\Sdk\platform-tools\app-dev-release-20251023_1608.apk' does not exist or is not accessible 
Host info: host: 'L2-SCOTT', ip: '192.168.100.14'
Build info: version: '4.38.0', revision: '6b412e825c*'
System info: os.name: 'Windows 10', os.arch: 'amd64', os.version: '10.0', java.version: '21.0.9'
Driver info: io.appium.java_client.android.AndroidDriver
Command: [null, newSession {capabilities=[Capabilities {appium:app: C:\Users\scottbyron.escueta..., appium:automationName: UIAutomator2, appium:deviceName: TestAppiumGPTT, platformName: ANDROID}]}]
Capabilities {appium:app: C:\Users\scottbyron.escueta..., appium:automationName: UIAutomator2, appium:deviceName: TestAppiumGPTT, platformName: ANDROID}
at org.openqa.selenium.remote.ProtocolHandshake.createSession(ProtocolHandshake.java:114)
at org.openqa.selenium.remote.ProtocolHandshake.createSession(ProtocolHandshake.java:75)
at org.openqa.selenium.remote.ProtocolHandshake.createSession(ProtocolHandshake.java:61)
at io.appium.java_client.remote.AppiumCommandExecutor.createSession(AppiumCommandExecutor.java:178)
at io.appium.java_client.remote.AppiumCommandExecutor.execute(AppiumCommandExecutor.java:243)
at org.openqa.selenium.remote.RemoteWebDriver.execute(RemoteWebDriver.java:557)
at io.appium.java_client.AppiumDriver.startSession(AppiumDriver.java:308)
at org.openqa.selenium.remote.RemoteWebDriver.<init>(RemoteWebDriver.java:174)
at io.appium.java_client.AppiumDriver.<init>(AppiumDriver.java:98)
at io.appium.java_client.AppiumDriver.<init>(AppiumDriver.java:109)
at io.appium.java_client.android.AndroidDriver.<init>(AndroidDriver.java:108)
at testComponents.BasePage.InitializeDriver(BasePage.java:64)
at testComponents.BasePage.initializePage(BasePage.java:76)
at cucumberStepDefination.stepDefinitions.the_user_is_on_the_Cash_In_or_Cash_Out_screen(stepDefinitions.java:17)
at ✽.the user is on the Cash In or Cash Out screen(file:///C:/Users/scottbyron.escueta/eclipse-workspace/GPTT_Automation/src/test/java/cucumberFeatures/CashinCashoutViaUnifiedWalletToGPTTWallet.feature:4)
]]>
            </full-stacktrace>
          </exception> <!-- org.openqa.selenium.SessionNotCreatedException -->
          <reporter-output>
          </reporter-output>
        </test-method> <!-- runScenario -->
        <test-method signature="runScenario(io.cucumber.testng.PickleWrapper,io.cucumber.testng.FeatureWrapper)[pri:0, instance:cucumberFeatures.TestNGTestRunner@71e9ddb4]" started-at="2025-11-10T19:01:07 CST" name="runScenario" description="Runs Cucumber Scenarios" data-provider="scenarios" finished-at="2025-11-10T19:01:07 CST" duration-ms="8" status="FAIL">
          <params>
            <param index="0">
              <value>
                <![CDATA["Cash In Flow"]]>
              </value>
            </param>
            <param index="1">
              <value>
                <![CDATA["Cashin/Cashout via Unified Wallet to GPTT Wallet"]]>
              </value>
            </param>
          </params>
          <exception class="io.cucumber.testng.UndefinedStepException">
            <message>
              <![CDATA[The step 'the user selects the Cash In option' and 3 other step(s) are undefined.
You can implement these steps using the snippet(s) below:

@Given("the user selects the Cash In option")
public void the_user_selects_the_cash_in_option() {
    // Write code here that turns the phrase above into concrete actions
    throw new io.cucumber.java.PendingException();
}
@When("they enter an amount and confirm")
public void they_enter_an_amount_and_confirm() {
    // Write code here that turns the phrase above into concrete actions
    throw new io.cucumber.java.PendingException();
}
@Then("the system should call the credit_fund endpoint to add the amount to the GPTT wallet")
public void the_system_should_call_the_credit_fund_endpoint_to_add_the_amount_to_the_gptt_wallet() {
    // Write code here that turns the phrase above into concrete actions
    throw new io.cucumber.java.PendingException();
}
@Then("display a success confirmation with the updated balance")
public void display_a_success_confirmation_with_the_updated_balance() {
    // Write code here that turns the phrase above into concrete actions
    throw new io.cucumber.java.PendingException();
}
]]>
            </message>
            <full-stacktrace>
              <![CDATA[io.cucumber.testng.UndefinedStepException: The step 'the user selects the Cash In option' and 3 other step(s) are undefined.
You can implement these steps using the snippet(s) below:

@Given("the user selects the Cash In option")
public void the_user_selects_the_cash_in_option() {
    // Write code here that turns the phrase above into concrete actions
    throw new io.cucumber.java.PendingException();
}
@When("they enter an amount and confirm")
public void they_enter_an_amount_and_confirm() {
    // Write code here that turns the phrase above into concrete actions
    throw new io.cucumber.java.PendingException();
}
@Then("the system should call the credit_fund endpoint to add the amount to the GPTT wallet")
public void the_system_should_call_the_credit_fund_endpoint_to_add_the_amount_to_the_gptt_wallet() {
    // Write code here that turns the phrase above into concrete actions
    throw new io.cucumber.java.PendingException();
}
@Then("display a success confirmation with the updated balance")
public void display_a_success_confirmation_with_the_updated_balance() {
    // Write code here that turns the phrase above into concrete actions
    throw new io.cucumber.java.PendingException();
}

at ✽.the user selects the Cash In option(file:///C:/Users/scottbyron.escueta/eclipse-workspace/GPTT_Automation/src/test/java/cucumberFeatures/CashinCashoutViaUnifiedWalletToGPTTWallet.feature:9)
]]>
            </full-stacktrace>
          </exception> <!-- io.cucumber.testng.UndefinedStepException -->
          <reporter-output>
          </reporter-output>
        </test-method> <!-- runScenario -->
        <test-method signature="runScenario(io.cucumber.testng.PickleWrapper,io.cucumber.testng.FeatureWrapper)[pri:0, instance:cucumberFeatures.TestNGTestRunner@71e9ddb4]" started-at="2025-11-10T19:01:07 CST" name="runScenario" description="Runs Cucumber Scenarios" data-provider="scenarios" finished-at="2025-11-10T19:01:07 CST" duration-ms="6" status="FAIL">
          <params>
            <param index="0">
              <value>
                <![CDATA["Cash Out Flow"]]>
              </value>
            </param>
            <param index="1">
              <value>
                <![CDATA["Cashin/Cashout via Unified Wallet to GPTT Wallet"]]>
              </value>
            </param>
          </params>
          <exception class="io.cucumber.testng.UndefinedStepException">
            <message>
              <![CDATA[The step 'the user selects the Cash Out option' and 3 other step(s) are undefined.
You can implement these steps using the snippet(s) below:

@Given("the user selects the Cash Out option")
public void the_user_selects_the_cash_out_option() {
    // Write code here that turns the phrase above into concrete actions
    throw new io.cucumber.java.PendingException();
}
@When("they enter an amount and confirm")
public void they_enter_an_amount_and_confirm() {
    // Write code here that turns the phrase above into concrete actions
    throw new io.cucumber.java.PendingException();
}
@Then("the system should call the debit_fund endpoint to deduct the amount from the GPTT wallet")
public void the_system_should_call_the_debit_fund_endpoint_to_deduct_the_amount_from_the_gptt_wallet() {
    // Write code here that turns the phrase above into concrete actions
    throw new io.cucumber.java.PendingException();
}
@Then("display a success confirmation with the updated balance")
public void display_a_success_confirmation_with_the_updated_balance() {
    // Write code here that turns the phrase above into concrete actions
    throw new io.cucumber.java.PendingException();
}
]]>
            </message>
            <full-stacktrace>
              <![CDATA[io.cucumber.testng.UndefinedStepException: The step 'the user selects the Cash Out option' and 3 other step(s) are undefined.
You can implement these steps using the snippet(s) below:

@Given("the user selects the Cash Out option")
public void the_user_selects_the_cash_out_option() {
    // Write code here that turns the phrase above into concrete actions
    throw new io.cucumber.java.PendingException();
}
@When("they enter an amount and confirm")
public void they_enter_an_amount_and_confirm() {
    // Write code here that turns the phrase above into concrete actions
    throw new io.cucumber.java.PendingException();
}
@Then("the system should call the debit_fund endpoint to deduct the amount from the GPTT wallet")
public void the_system_should_call_the_debit_fund_endpoint_to_deduct_the_amount_from_the_gptt_wallet() {
    // Write code here that turns the phrase above into concrete actions
    throw new io.cucumber.java.PendingException();
}
@Then("display a success confirmation with the updated balance")
public void display_a_success_confirmation_with_the_updated_balance() {
    // Write code here that turns the phrase above into concrete actions
    throw new io.cucumber.java.PendingException();
}

at ✽.the user selects the Cash Out option(file:///C:/Users/scottbyron.escueta/eclipse-workspace/GPTT_Automation/src/test/java/cucumberFeatures/CashinCashoutViaUnifiedWalletToGPTTWallet.feature:15)
]]>
            </full-stacktrace>
          </exception> <!-- io.cucumber.testng.UndefinedStepException -->
          <reporter-output>
          </reporter-output>
        </test-method> <!-- runScenario -->
        <test-method signature="runScenario(io.cucumber.testng.PickleWrapper,io.cucumber.testng.FeatureWrapper)[pri:0, instance:cucumberFeatures.TestNGTestRunner@71e9ddb4]" started-at="2025-11-10T19:01:07 CST" name="runScenario" description="Runs Cucumber Scenarios" data-provider="scenarios" finished-at="2025-11-10T19:01:07 CST" duration-ms="8" status="FAIL">
          <params>
            <param index="0">
              <value>
                <![CDATA["Fee Display"]]>
              </value>
            </param>
            <param index="1">
              <value>
                <![CDATA["Cashin/Cashout via Unified Wallet to GPTT Wallet"]]>
              </value>
            </param>
          </params>
          <exception class="io.cucumber.testng.UndefinedStepException">
            <message>
              <![CDATA[The step 'the user is on either the Cash In or Cash Out screen' and 2 other step(s) are undefined.
You can implement these steps using the snippet(s) below:

@Given("the user is on either the Cash In or Cash Out screen")
public void the_user_is_on_either_the_cash_in_or_cash_out_screen() {
    // Write code here that turns the phrase above into concrete actions
    throw new io.cucumber.java.PendingException();
}
@When("the transaction details are displayed")
public void the_transaction_details_are_displayed() {
    // Write code here that turns the phrase above into concrete actions
    throw new io.cucumber.java.PendingException();
}
@Then("the fee should be shown as ₱{double} by default")
public void the_fee_should_be_shown_as_₱_by_default(Double double1) {
    // Write code here that turns the phrase above into concrete actions
    throw new io.cucumber.java.PendingException();
}
]]>
            </message>
            <full-stacktrace>
              <![CDATA[io.cucumber.testng.UndefinedStepException: The step 'the user is on either the Cash In or Cash Out screen' and 2 other step(s) are undefined.
You can implement these steps using the snippet(s) below:

@Given("the user is on either the Cash In or Cash Out screen")
public void the_user_is_on_either_the_cash_in_or_cash_out_screen() {
    // Write code here that turns the phrase above into concrete actions
    throw new io.cucumber.java.PendingException();
}
@When("the transaction details are displayed")
public void the_transaction_details_are_displayed() {
    // Write code here that turns the phrase above into concrete actions
    throw new io.cucumber.java.PendingException();
}
@Then("the fee should be shown as ₱{double} by default")
public void the_fee_should_be_shown_as_₱_by_default(Double double1) {
    // Write code here that turns the phrase above into concrete actions
    throw new io.cucumber.java.PendingException();
}

at ✽.the user is on either the Cash In or Cash Out screen(file:///C:/Users/scottbyron.escueta/eclipse-workspace/GPTT_Automation/src/test/java/cucumberFeatures/CashinCashoutViaUnifiedWalletToGPTTWallet.feature:21)
]]>
            </full-stacktrace>
          </exception> <!-- io.cucumber.testng.UndefinedStepException -->
          <reporter-output>
          </reporter-output>
        </test-method> <!-- runScenario -->
        <test-method signature="runScenario(io.cucumber.testng.PickleWrapper,io.cucumber.testng.FeatureWrapper)[pri:0, instance:cucumberFeatures.TestNGTestRunner@71e9ddb4]" started-at="2025-11-10T19:01:07 CST" name="runScenario" description="Runs Cucumber Scenarios" data-provider="scenarios" finished-at="2025-11-10T19:01:07 CST" duration-ms="5" status="FAIL">
          <params>
            <param index="0">
              <value>
                <![CDATA["Error Handling"]]>
              </value>
            </param>
            <param index="1">
              <value>
                <![CDATA["Cashin/Cashout via Unified Wallet to GPTT Wallet"]]>
              </value>
            </param>
          </params>
          <exception class="io.cucumber.testng.UndefinedStepException">
            <message>
              <![CDATA[The step 'the API call fails or returns an error' and 3 other step(s) are undefined.
You can implement these steps using the snippet(s) below:

@Given("the API call fails or returns an error")
public void the_api_call_fails_or_returns_an_error() {
    // Write code here that turns the phrase above into concrete actions
    throw new io.cucumber.java.PendingException();
}
@When("the user attempts to cash in or cash out")
public void the_user_attempts_to_cash_in_or_cash_out() {
    // Write code here that turns the phrase above into concrete actions
    throw new io.cucumber.java.PendingException();
}
@Then("an error message should be displayed explaining the issue")
public void an_error_message_should_be_displayed_explaining_the_issue() {
    // Write code here that turns the phrase above into concrete actions
    throw new io.cucumber.java.PendingException();
}
@Then("the transaction should not proceed")
public void the_transaction_should_not_proceed() {
    // Write code here that turns the phrase above into concrete actions
    throw new io.cucumber.java.PendingException();
}
]]>
            </message>
            <full-stacktrace>
              <![CDATA[io.cucumber.testng.UndefinedStepException: The step 'the API call fails or returns an error' and 3 other step(s) are undefined.
You can implement these steps using the snippet(s) below:

@Given("the API call fails or returns an error")
public void the_api_call_fails_or_returns_an_error() {
    // Write code here that turns the phrase above into concrete actions
    throw new io.cucumber.java.PendingException();
}
@When("the user attempts to cash in or cash out")
public void the_user_attempts_to_cash_in_or_cash_out() {
    // Write code here that turns the phrase above into concrete actions
    throw new io.cucumber.java.PendingException();
}
@Then("an error message should be displayed explaining the issue")
public void an_error_message_should_be_displayed_explaining_the_issue() {
    // Write code here that turns the phrase above into concrete actions
    throw new io.cucumber.java.PendingException();
}
@Then("the transaction should not proceed")
public void the_transaction_should_not_proceed() {
    // Write code here that turns the phrase above into concrete actions
    throw new io.cucumber.java.PendingException();
}

at ✽.the API call fails or returns an error(file:///C:/Users/scottbyron.escueta/eclipse-workspace/GPTT_Automation/src/test/java/cucumberFeatures/CashinCashoutViaUnifiedWalletToGPTTWallet.feature:26)
]]>
            </full-stacktrace>
          </exception> <!-- io.cucumber.testng.UndefinedStepException -->
          <reporter-output>
          </reporter-output>
        </test-method> <!-- runScenario -->
        <test-method is-config="true" signature="tearDownClass()[pri:0, instance:cucumberFeatures.TestNGTestRunner@71e9ddb4]" started-at="2025-11-10T19:01:07 CST" name="tearDownClass" finished-at="2025-11-10T19:01:07 CST" duration-ms="17" status="PASS">
          <reporter-output>
          </reporter-output>
        </test-method> <!-- tearDownClass -->
      </class> <!-- cucumberFeatures.TestNGTestRunner -->
    </test> <!-- Default test -->
  </suite> <!-- Default suite -->
</testng-results>
