<?xml version="1.0" encoding="UTF-8"?>
<!-- Generated by org.testng.reporters.JUnitReportReporter -->
<testsuite hostname="L2-SCOTT" failures="0" tests="5" name="cucumberFeatures.TestNGTestRunner" time="4.069" errors="5" timestamp="2025-11-10T19:01:07 CST" skipped="0">
  <testcase classname="cucumberFeatures.TestNGTestRunner" name="runScenario" time="4.042">
    <error message="Could not start a new session. Response code 500. Message: The application at &#039;C:\Users\scottbyron.escueta\AppData\Local\Android\Sdk\platform-tools\app-dev-release-20251023_1608.apk&#039; does not exist or is not accessible 
Host info: host: &#039;L2-SCOTT&#039;, ip: &#039;192.168.100.14&#039;
Build info: version: &#039;4.38.0&#039;, revision: &#039;6b412e825c*&#039;
System info: os.name: &#039;Windows 10&#039;, os.arch: &#039;amd64&#039;, os.version: &#039;10.0&#039;, java.version: &#039;21.0.9&#039;
Driver info: io.appium.java_client.android.AndroidDriver
Command: [null, newSession {capabilities=[Capabilities {appium:app: C:\Users\scottbyron.escueta..., appium:automationName: UIAutomator2, appium:deviceName: TestAppiumGPTT, platformName: ANDROID}]}]
Capabilities {appium:app: C:\Users\scottbyron.escueta..., appium:automationName: UIAutomator2, appium:deviceName: TestAppiumGPTT, platformName: ANDROID}" type="org.openqa.selenium.SessionNotCreatedException">
      <![CDATA[org.openqa.selenium.SessionNotCreatedException: Could not start a new session. Response code 500. Message: The application at 'C:\Users\scottbyron.escueta\AppData\Local\Android\Sdk\platform-tools\app-dev-release-20251023_1608.apk' does not exist or is not accessible 
Host info: host: 'L2-SCOTT', ip: '192.168.100.14'
Build info: version: '4.38.0', revision: '6b412e825c*'
System info: os.name: 'Windows 10', os.arch: 'amd64', os.version: '10.0', java.version: '21.0.9'
Driver info: io.appium.java_client.android.AndroidDriver
Command: [null, newSession {capabilities=[Capabilities {appium:app: C:\Users\scottbyron.escueta..., appium:automationName: UIAutomator2, appium:deviceName: TestAppiumGPTT, platformName: ANDROID}]}]
Capabilities {appium:app: C:\Users\scottbyron.escueta..., appium:automationName: UIAutomator2, appium:deviceName: TestAppiumGPTT, platformName: ANDROID}
at org.openqa.selenium.remote.ProtocolHandshake.createSession(ProtocolHandshake.java:114)
at org.openqa.selenium.remote.ProtocolHandshake.createSession(ProtocolHandshake.java:75)
at org.openqa.selenium.remote.ProtocolHandshake.createSession(ProtocolHandshake.java:61)
at io.appium.java_client.remote.AppiumCommandExecutor.createSession(AppiumCommandExecutor.java:178)
at io.appium.java_client.remote.AppiumCommandExecutor.execute(AppiumCommandExecutor.java:243)
at org.openqa.selenium.remote.RemoteWebDriver.execute(RemoteWebDriver.java:557)
at io.appium.java_client.AppiumDriver.startSession(AppiumDriver.java:308)
at org.openqa.selenium.remote.RemoteWebDriver.<init>(RemoteWebDriver.java:174)
at io.appium.java_client.AppiumDriver.<init>(AppiumDriver.java:98)
at io.appium.java_client.AppiumDriver.<init>(AppiumDriver.java:109)
at io.appium.java_client.android.AndroidDriver.<init>(AndroidDriver.java:108)
at testComponents.BasePage.InitializeDriver(BasePage.java:64)
at testComponents.BasePage.initializePage(BasePage.java:76)
at cucumberStepDefination.stepDefinitions.the_user_is_on_the_Cash_In_or_Cash_Out_screen(stepDefinitions.java:17)
at ✽.the user is on the Cash In or Cash Out screen(file:///C:/Users/scottbyron.escueta/eclipse-workspace/GPTT_Automation/src/test/java/cucumberFeatures/CashinCashoutViaUnifiedWalletToGPTTWallet.feature:4)
]]>
    </error>
  </testcase> <!-- runScenario -->
  <testcase classname="cucumberFeatures.TestNGTestRunner" name="runScenario" time="0.008">
    <error message="The step &#039;the user selects the Cash In option&#039; and 3 other step(s) are undefined.
You can implement these steps using the snippet(s) below:

@Given(&quot;the user selects the Cash In option&quot;)
public void the_user_selects_the_cash_in_option() {
    // Write code here that turns the phrase above into concrete actions
    throw new io.cucumber.java.PendingException();
}
@When(&quot;they enter an amount and confirm&quot;)
public void they_enter_an_amount_and_confirm() {
    // Write code here that turns the phrase above into concrete actions
    throw new io.cucumber.java.PendingException();
}
@Then(&quot;the system should call the credit_fund endpoint to add the amount to the GPTT wallet&quot;)
public void the_system_should_call_the_credit_fund_endpoint_to_add_the_amount_to_the_gptt_wallet() {
    // Write code here that turns the phrase above into concrete actions
    throw new io.cucumber.java.PendingException();
}
@Then(&quot;display a success confirmation with the updated balance&quot;)
public void display_a_success_confirmation_with_the_updated_balance() {
    // Write code here that turns the phrase above into concrete actions
    throw new io.cucumber.java.PendingException();
}
" type="io.cucumber.testng.UndefinedStepException">
      <![CDATA[io.cucumber.testng.UndefinedStepException: The step 'the user selects the Cash In option' and 3 other step(s) are undefined.
You can implement these steps using the snippet(s) below:

@Given("the user selects the Cash In option")
public void the_user_selects_the_cash_in_option() {
    // Write code here that turns the phrase above into concrete actions
    throw new io.cucumber.java.PendingException();
}
@When("they enter an amount and confirm")
public void they_enter_an_amount_and_confirm() {
    // Write code here that turns the phrase above into concrete actions
    throw new io.cucumber.java.PendingException();
}
@Then("the system should call the credit_fund endpoint to add the amount to the GPTT wallet")
public void the_system_should_call_the_credit_fund_endpoint_to_add_the_amount_to_the_gptt_wallet() {
    // Write code here that turns the phrase above into concrete actions
    throw new io.cucumber.java.PendingException();
}
@Then("display a success confirmation with the updated balance")
public void display_a_success_confirmation_with_the_updated_balance() {
    // Write code here that turns the phrase above into concrete actions
    throw new io.cucumber.java.PendingException();
}

at ✽.the user selects the Cash In option(file:///C:/Users/scottbyron.escueta/eclipse-workspace/GPTT_Automation/src/test/java/cucumberFeatures/CashinCashoutViaUnifiedWalletToGPTTWallet.feature:9)
]]>
    </error>
  </testcase> <!-- runScenario -->
  <testcase classname="cucumberFeatures.TestNGTestRunner" name="runScenario" time="0.008">
    <error message="The step &#039;the user is on either the Cash In or Cash Out screen&#039; and 2 other step(s) are undefined.
You can implement these steps using the snippet(s) below:

@Given(&quot;the user is on either the Cash In or Cash Out screen&quot;)
public void the_user_is_on_either_the_cash_in_or_cash_out_screen() {
    // Write code here that turns the phrase above into concrete actions
    throw new io.cucumber.java.PendingException();
}
@When(&quot;the transaction details are displayed&quot;)
public void the_transaction_details_are_displayed() {
    // Write code here that turns the phrase above into concrete actions
    throw new io.cucumber.java.PendingException();
}
@Then(&quot;the fee should be shown as ₱{double} by default&quot;)
public void the_fee_should_be_shown_as_₱_by_default(Double double1) {
    // Write code here that turns the phrase above into concrete actions
    throw new io.cucumber.java.PendingException();
}
" type="io.cucumber.testng.UndefinedStepException">
      <![CDATA[io.cucumber.testng.UndefinedStepException: The step 'the user is on either the Cash In or Cash Out screen' and 2 other step(s) are undefined.
You can implement these steps using the snippet(s) below:

@Given("the user is on either the Cash In or Cash Out screen")
public void the_user_is_on_either_the_cash_in_or_cash_out_screen() {
    // Write code here that turns the phrase above into concrete actions
    throw new io.cucumber.java.PendingException();
}
@When("the transaction details are displayed")
public void the_transaction_details_are_displayed() {
    // Write code here that turns the phrase above into concrete actions
    throw new io.cucumber.java.PendingException();
}
@Then("the fee should be shown as ₱{double} by default")
public void the_fee_should_be_shown_as_₱_by_default(Double double1) {
    // Write code here that turns the phrase above into concrete actions
    throw new io.cucumber.java.PendingException();
}

at ✽.the user is on either the Cash In or Cash Out screen(file:///C:/Users/scottbyron.escueta/eclipse-workspace/GPTT_Automation/src/test/java/cucumberFeatures/CashinCashoutViaUnifiedWalletToGPTTWallet.feature:21)
]]>
    </error>
  </testcase> <!-- runScenario -->
  <testcase classname="cucumberFeatures.TestNGTestRunner" name="runScenario" time="0.005">
    <error message="The step &#039;the API call fails or returns an error&#039; and 3 other step(s) are undefined.
You can implement these steps using the snippet(s) below:

@Given(&quot;the API call fails or returns an error&quot;)
public void the_api_call_fails_or_returns_an_error() {
    // Write code here that turns the phrase above into concrete actions
    throw new io.cucumber.java.PendingException();
}
@When(&quot;the user attempts to cash in or cash out&quot;)
public void the_user_attempts_to_cash_in_or_cash_out() {
    // Write code here that turns the phrase above into concrete actions
    throw new io.cucumber.java.PendingException();
}
@Then(&quot;an error message should be displayed explaining the issue&quot;)
public void an_error_message_should_be_displayed_explaining_the_issue() {
    // Write code here that turns the phrase above into concrete actions
    throw new io.cucumber.java.PendingException();
}
@Then(&quot;the transaction should not proceed&quot;)
public void the_transaction_should_not_proceed() {
    // Write code here that turns the phrase above into concrete actions
    throw new io.cucumber.java.PendingException();
}
" type="io.cucumber.testng.UndefinedStepException">
      <![CDATA[io.cucumber.testng.UndefinedStepException: The step 'the API call fails or returns an error' and 3 other step(s) are undefined.
You can implement these steps using the snippet(s) below:

@Given("the API call fails or returns an error")
public void the_api_call_fails_or_returns_an_error() {
    // Write code here that turns the phrase above into concrete actions
    throw new io.cucumber.java.PendingException();
}
@When("the user attempts to cash in or cash out")
public void the_user_attempts_to_cash_in_or_cash_out() {
    // Write code here that turns the phrase above into concrete actions
    throw new io.cucumber.java.PendingException();
}
@Then("an error message should be displayed explaining the issue")
public void an_error_message_should_be_displayed_explaining_the_issue() {
    // Write code here that turns the phrase above into concrete actions
    throw new io.cucumber.java.PendingException();
}
@Then("the transaction should not proceed")
public void the_transaction_should_not_proceed() {
    // Write code here that turns the phrase above into concrete actions
    throw new io.cucumber.java.PendingException();
}

at ✽.the API call fails or returns an error(file:///C:/Users/scottbyron.escueta/eclipse-workspace/GPTT_Automation/src/test/java/cucumberFeatures/CashinCashoutViaUnifiedWalletToGPTTWallet.feature:26)
]]>
    </error>
  </testcase> <!-- runScenario -->
  <testcase classname="cucumberFeatures.TestNGTestRunner" name="runScenario" time="0.006">
    <error message="The step &#039;the user selects the Cash Out option&#039; and 3 other step(s) are undefined.
You can implement these steps using the snippet(s) below:

@Given(&quot;the user selects the Cash Out option&quot;)
public void the_user_selects_the_cash_out_option() {
    // Write code here that turns the phrase above into concrete actions
    throw new io.cucumber.java.PendingException();
}
@When(&quot;they enter an amount and confirm&quot;)
public void they_enter_an_amount_and_confirm() {
    // Write code here that turns the phrase above into concrete actions
    throw new io.cucumber.java.PendingException();
}
@Then(&quot;the system should call the debit_fund endpoint to deduct the amount from the GPTT wallet&quot;)
public void the_system_should_call_the_debit_fund_endpoint_to_deduct_the_amount_from_the_gptt_wallet() {
    // Write code here that turns the phrase above into concrete actions
    throw new io.cucumber.java.PendingException();
}
@Then(&quot;display a success confirmation with the updated balance&quot;)
public void display_a_success_confirmation_with_the_updated_balance() {
    // Write code here that turns the phrase above into concrete actions
    throw new io.cucumber.java.PendingException();
}
" type="io.cucumber.testng.UndefinedStepException">
      <![CDATA[io.cucumber.testng.UndefinedStepException: The step 'the user selects the Cash Out option' and 3 other step(s) are undefined.
You can implement these steps using the snippet(s) below:

@Given("the user selects the Cash Out option")
public void the_user_selects_the_cash_out_option() {
    // Write code here that turns the phrase above into concrete actions
    throw new io.cucumber.java.PendingException();
}
@When("they enter an amount and confirm")
public void they_enter_an_amount_and_confirm() {
    // Write code here that turns the phrase above into concrete actions
    throw new io.cucumber.java.PendingException();
}
@Then("the system should call the debit_fund endpoint to deduct the amount from the GPTT wallet")
public void the_system_should_call_the_debit_fund_endpoint_to_deduct_the_amount_from_the_gptt_wallet() {
    // Write code here that turns the phrase above into concrete actions
    throw new io.cucumber.java.PendingException();
}
@Then("display a success confirmation with the updated balance")
public void display_a_success_confirmation_with_the_updated_balance() {
    // Write code here that turns the phrase above into concrete actions
    throw new io.cucumber.java.PendingException();
}

at ✽.the user selects the Cash Out option(file:///C:/Users/scottbyron.escueta/eclipse-workspace/GPTT_Automation/src/test/java/cucumberFeatures/CashinCashoutViaUnifiedWalletToGPTTWallet.feature:15)
]]>
    </error>
  </testcase> <!-- runScenario -->
</testsuite> <!-- cucumberFeatures.TestNGTestRunner -->
